2022-12-05 11:51:58.648419: empieza busqueda de archivos
2022-12-05 11:52:13.426506: /home/u2/fuerza_de_ventas/SUTILEZA/F26E595/F26E59533_a.jpg
2022-12-05 11:52:15.026191: /home/u2/2022/2-FEBRERO/UTÓPICA/F14P128/F14P12822_a.jpg
2022-12-05 11:52:15.042400: /home/u2/2022/2-FEBRERO/UTÓPICA/F14P211/F14P21133_a.jpg
2022-12-05 11:52:15.288658: /home/u2/2022/11-NOVIEMBRE/A14P887/A14P88722_a.jpg
2022-12-05 11:52:18.986695: /home/u2/fuerza_de_ventas/SUTILEZA/F26E597/F26E59733_a.jpg
2022-12-05 11:52:19.084757: /home/u2/fuerza_de_ventas/SUTILEZA/F26E625/F26E62533_a.jpg
2022-12-05 11:52:20.922753: /home/u2/fuerza_de_ventas/REVERENCIA/F534990/F53499011_a.jpg
2022-12-05 11:52:21.024559: /home/u2/fuerza_de_ventas/REVERENCIA/F534994/F53499411_a.jpg
2022-12-05 11:52:22.574535: /home/u2/2022/8-AGOSTO/K14Q048/K14Q04811_a.jpg
2022-12-05 11:52:23.446147: /home/u2/fuerza_de_ventas/REVERENCIA/K534984/K53498411_a.jpg
2022-12-05 11:52:37.216774: /home/u2/fuerza_de_ventas/SUTILEZA/K26E626/K26E62611_a.jpg
2022-12-05 11:52:49.496339: /home/u2/2022/3-MARZO/MISTERIOSA/F14P220/F14P22022_a.jpg
2022-12-05 11:52:53.103118: /home/u2/2022/3-MARZO/MISTERIOSA/F14P243/F14P24322_a.jpg
2022-12-05 11:52:53.963987: /home/u2/fuerza_de_ventas/SUTILEZA/F26E595/F26E59511_a.jpg
2022-12-05 11:53:02.691438: /home/u2/2022/8-AGOSTO/K12P928/K12P92811_a.jpg
2022-12-05 11:53:04.900181: /home/u2/2022/5-MAYO/S25E398/S25E39811_a.jpg
2022-12-05 11:53:11.783919: /home/u2/2022/2-FEBRERO/UTÓPICA/F12P182/F12P1822/F12P18222_a.jpg
2022-12-05 11:53:24.120770: /home/u2/2021/04-Abril/HOMOGENEA/F14O151/F14O1512/F14O15122_a.jpg
2022-12-05 11:53:25.690211: /home/u2/2022/8-AGOSTO/A14Q047/A14Q04711_a.jpg
2022-12-05 11:53:29.046024: /home/u2/fuerza_de_ventas/CALZADO/1A12277/1A12277100_a.jpg
2022-12-05 11:53:35.251608: /home/u2/2022/2-FEBRERO/UTÓPICA/F14P128/F14P12811_a.jpg
2022-12-05 11:53:35.904245: /home/u2/fuerza_de_ventas/SUTILEZA/F26E597/F26E59711_a.jpg
2022-12-05 11:53:36.004519: /home/u2/fuerza_de_ventas/SUTILEZA/F26E620/F26E62022_a.jpg
2022-12-05 11:53:40.447559: /home/u2/fuerza_de_ventas/TRAJES/S226A637/S226A63711_a.jpg
2022-12-05 11:53:54.145813: /home/u2/fuerza_de_ventas/CALZADO/1A39306/1A39306100_a.jpg
2022-12-05 11:54:01.246892: /home/u2/2022/3-MARZO/MISTERIOSA/F14P217/F14P21711_a.jpg
2022-12-05 11:54:01.570551: /home/u2/fuerza_de_ventas/SUTILEZA/F14P941/F14P94133_a.jpg
2022-12-05 11:54:05.400507: /home/u2/2022/8-AGOSTO/K12Q028/K12Q02811_a.jpg
2022-12-05 11:54:10.516251: /home/u2/2022/2-FEBRERO/UTÓPICA/F14P209/F14P20911_a.jpg
2022-12-05 11:54:10.571309: /home/u2/2022/3-MARZO/MISTERIOSA/F14P242/F14P24222_a.jpg
2022-12-05 11:54:10.588193: /home/u2/2022/3-MARZO/MISTERIOSA/F14P246/F14P24633_a.jpg
2022-12-05 11:54:11.012527: /home/u2/fuerza_de_ventas/SUTILEZA/F26E623/F26E62311_a.jpg
2023-08-17 10:52:01.404606: empieza busqueda de archivos
2023-08-17 10:52:21.571985: /home/u2/2023/8-AGOSTO/S226A683/S226A68322_a.jpg
2023-08-17 10:52:57.071955: /home/u2/2023/8-AGOSTO/S225A689/S225A68911_a.jpg
2023-08-17 10:53:43.888571: /home/u2/2023/8-AGOSTO/S226A652/S226A65222_a.jpg
2023-08-17 10:54:02.330041: /home/u2/2023/8-AGOSTO/S226A734/S226A73411_a.jpg
2023-08-17 10:54:13.695333: /home/u2/2023/8-AGOSTO/S226A652/S226A65233_a.jpg
2023-08-17 10:54:28.638819: /home/u2/2023/8-AGOSTO/S226A681/S226A68111_a.jpg
2023-08-17 10:54:40.225928: /home/u2/2023/8-AGOSTO/S226A680/S226A68011_a.jpg
2023-08-17 10:54:43.842209: /home/u2/2023/8-AGOSTO/S226A683/S226A68311_a.jpg
2023-08-17 10:55:21.122368: /home/u2/2023/8-AGOSTO/S226A681/S226A68122_a.jpg
2023-08-17 11:04:52.781959: empieza busqueda de archivos
2023-08-17 11:05:07.377051: /home/u2/2023/8-AGOSTO/7003002/7003002100_a.jpg
2023-08-17 11:05:44.816842: /home/u2/2023/7-JULIO/A338257/A33825711_a.jpg
2023-08-17 11:07:03.730770: /home/u2/2023/8-AGOSTO/7003002/7003002308_a.jpg
2023-08-17 11:07:13.557720: /home/u2/2023/8-AGOSTO/7003002/7003002204_a.jpg
2024-11-20 15:33:31.966589: empieza busqueda de archivos
2024-11-20 15:33:42.563264: /home/u2/2024/11-NOVIEMBRE/A686294/A68629411_a.jpg
2024-11-20 15:33:54.991873: /home/u2/2024/11-NOVIEMBRE/F338224/F33822411_a.jpg
2024-11-20 15:33:58.482946: /home/u2/2024/11-NOVIEMBRE/011S851/011S85166_a.jpg
2024-11-20 15:33:58.674163: /home/u2/2024/11-NOVIEMBRE/A535160/A53516011_a.jpg
2024-11-20 15:34:24.016763: /home/u2/2024/11-NOVIEMBRE/S226A853/S226A85311_a.jpg
2024-11-20 15:34:45.416877: /home/u2/2024/11-NOVIEMBRE/011S851/011S85111_a.jpg
2024-11-20 15:35:33.734585: /home/u2/2024/11-NOVIEMBRE/F338523/F33852311_a.jpg
2024-11-20 15:36:06.570550: /home/u2/2024/11-NOVIEMBRE/K11S791/K11S79111_a.jpg
2024-11-20 15:36:17.860035: /home/u2/2024/11-NOVIEMBRE/S12S683/S12S68311_a.jpg
2024-11-20 15:36:44.364020: /home/u2/2024/11-NOVIEMBRE/011S851/011S85133_a.jpg
2024-11-20 15:36:46.855239: /home/u2/2024/11-NOVIEMBRE/011S851/011S85122_a.jpg
2024-11-20 15:36:47.032985: /home/u2/2024/11-NOVIEMBRE/0K11S851/0K11S85122_a.jpg
2024-11-20 15:36:49.192305: /home/u2/2024/11-NOVIEMBRE/S12S619/S12S61911_a.jpg
2024-11-20 15:36:55.446434: /home/u2/fuerza_de_ventas/2024/F26G105/F26G10522_a.jpg
2024-11-20 15:36:56.788378: /home/u2/2024/11-NOVIEMBRE/0K11S851/0K11S85155_a.jpg
2024-11-20 15:37:00.274190: /home/u2/2024/11-NOVIEMBRE/0K11S851/0K11S85166_a.jpg
2024-11-20 15:37:11.339411: /home/u2/2024/11-NOVIEMBRE/S226A851/S226A85111_a.jpg
2024-11-20 15:37:28.708946: /home/u2/2024/11-NOVIEMBRE/K535117/K53511711_a.jpg
2024-11-20 15:38:06.116475: /home/u2/2024/11-NOVIEMBRE/0K11S851/0K11S85111_a.jpg
2024-11-20 15:38:08.515578: /home/u2/2024/11-NOVIEMBRE/F338522/F33852222_a.jpg
2024-11-20 15:38:09.691128: /home/u2/2024/11-NOVIEMBRE/K26G076/K26G07611_a.jpg
2024-11-20 15:38:15.801346: /home/u2/2024/11-NOVIEMBRE/0K11S851/0K11S85133_a.jpg
2024-11-20 15:38:16.077772: /home/u2/2024/11-NOVIEMBRE/0K11S851/0K11S85144_a.jpg
2024-11-20 15:38:21.759210: /home/u2/2024/11-NOVIEMBRE/F338432/F33843211_a.jpg
2024-11-20 15:38:46.193766: /home/u2/2024/11-NOVIEMBRE/F338522/F33852211_a.jpg
2024-11-20 15:38:49.338967: /home/u2/2024/11-NOVIEMBRE/A14S670/A14S67011_a.jpg
2024-11-20 15:38:49.682109: /home/u2/2024/11-NOVIEMBRE/011S851/011S85155_a.jpg
